2020-01-16 15:00:02,304 - qtpyvcp - INFO - Logging to /home/chris/dev/probe_basic/config/probe_basic_lathe/sim.log
2020-01-16 15:00:02,304 - qtpyvcp - INFO - QtPyVCP Version: v0.3.2
2020-01-16 15:00:02,726 - qtpyvcp.utilities.info - INFO - The machine has 3 axes and 3 joints
2020-01-16 15:00:02,726 - qtpyvcp.utilities.info - INFO - The Axis/Joint mapping is:
2020-01-16 15:00:02,726 - qtpyvcp.utilities.info - INFO - Axis X --> Joint 0
2020-01-16 15:00:02,726 - qtpyvcp.utilities.info - INFO - Axis Y --> Joint 1
2020-01-16 15:00:02,727 - qtpyvcp.utilities.info - INFO - Axis Z --> Joint 2
2020-01-16 15:00:02,772 - qtpyvcp - INFO - Loading QSS stylesheet file: /home/chris/dev/probe_basic/probe_basic_lathe/probe_basic_lathe.qss
2020-01-16 15:00:04,188 - qtpyvcp.vcp_launcher - CRITICAL - Unhandled exception in setting_slider.py line 96
Traceback (most recent call last):
  File "/home/chris/dev/qtpyvcp/qtpyvcp/widgets/input_widgets/setting_slider.py", line 96, in textFormat
    str = text_fmt.format(setting.getValue())
AttributeError: 'NoneType' object has no attribute 'getValue'
2020-01-16 15:00:07,340 - qtpyvcp.vcp_launcher - CRITICAL - Unhandled exception in setting_slider.py line 96
Traceback (most recent call last):
  File "/home/chris/dev/qtpyvcp/qtpyvcp/widgets/input_widgets/setting_slider.py", line 96, in textFormat
    str = text_fmt.format(setting.getValue())
AttributeError: 'NoneType' object has no attribute 'getValue'
2020-01-16 15:00:07,927 - qtpyvcp.widgets.base_widgets.base_widget - ERROR - Error calling rules expression:
Traceback (most recent call last):
  File "/home/chris/dev/qtpyvcp/qtpyvcp/widgets/base_widgets/base_widget.py", line 144, in registerRules
    exp()
  File "<string>", line 1, in <lambda>
TypeError: setText(self, str): argument 1 has unexpected type 'float'
2020-01-16 15:00:07,973 - qtpyvcp.vcp_launcher - CRITICAL - Unhandled exception in setting_slider.py line 96
Traceback (most recent call last):
  File "/home/chris/dev/qtpyvcp/qtpyvcp/widgets/input_widgets/setting_slider.py", line 96, in textFormat
    str = text_fmt.format(setting.getValue())
AttributeError: 'NoneType' object has no attribute 'getValue'
2020-01-16 15:00:08,345 - qtpyvcp.vcp_launcher - CRITICAL - Unhandled exception in setting_slider.py line 96
Traceback (most recent call last):
  File "/home/chris/dev/qtpyvcp/qtpyvcp/widgets/input_widgets/setting_slider.py", line 96, in textFormat
    str = text_fmt.format(setting.getValue())
AttributeError: 'NoneType' object has no attribute 'getValue'
2020-01-16 15:00:08,800 - qtpyvcp.vcp_launcher - CRITICAL - Unhandled exception in setting_slider.py line 96
Traceback (most recent call last):
  File "/home/chris/dev/qtpyvcp/qtpyvcp/widgets/input_widgets/setting_slider.py", line 96, in textFormat
    str = text_fmt.format(setting.getValue())
AttributeError: 'NoneType' object has no attribute 'getValue'
2020-01-16 15:00:09,244 - qtpyvcp.vcp_launcher - CRITICAL - Unhandled exception in setting_slider.py line 96
Traceback (most recent call last):
  File "/home/chris/dev/qtpyvcp/qtpyvcp/widgets/input_widgets/setting_slider.py", line 96, in textFormat
    str = text_fmt.format(setting.getValue())
AttributeError: 'NoneType' object has no attribute 'getValue'
2020-01-16 15:00:09,686 - qtpyvcp.vcp_launcher - CRITICAL - Unhandled exception in setting_slider.py line 96
Traceback (most recent call last):
  File "/home/chris/dev/qtpyvcp/qtpyvcp/widgets/input_widgets/setting_slider.py", line 96, in textFormat
    str = text_fmt.format(setting.getValue())
AttributeError: 'NoneType' object has no attribute 'getValue'
2020-01-16 15:00:10,146 - qtpyvcp.vcp_launcher - CRITICAL - Unhandled exception in setting_slider.py line 96
Traceback (most recent call last):
  File "/home/chris/dev/qtpyvcp/qtpyvcp/widgets/input_widgets/setting_slider.py", line 96, in textFormat
    str = text_fmt.format(setting.getValue())
AttributeError: 'NoneType' object has no attribute 'getValue'
2020-01-16 15:00:10,618 - qtpyvcp.vcp_launcher - CRITICAL - Unhandled exception in setting_slider.py line 96
Traceback (most recent call last):
  File "/home/chris/dev/qtpyvcp/qtpyvcp/widgets/input_widgets/setting_slider.py", line 96, in textFormat
    str = text_fmt.format(setting.getValue())
AttributeError: 'NoneType' object has no attribute 'getValue'
2020-01-16 15:00:11,062 - qtpyvcp.vcp_launcher - CRITICAL - Unhandled exception in setting_slider.py line 96
Traceback (most recent call last):
  File "/home/chris/dev/qtpyvcp/qtpyvcp/widgets/input_widgets/setting_slider.py", line 96, in textFormat
    str = text_fmt.format(setting.getValue())
AttributeError: 'NoneType' object has no attribute 'getValue'
2020-01-16 15:00:11,512 - qtpyvcp.vcp_launcher - CRITICAL - Unhandled exception in setting_slider.py line 96
Traceback (most recent call last):
  File "/home/chris/dev/qtpyvcp/qtpyvcp/widgets/input_widgets/setting_slider.py", line 96, in textFormat
    str = text_fmt.format(setting.getValue())
AttributeError: 'NoneType' object has no attribute 'getValue'
2020-01-16 15:00:11,921 - qtpyvcp.vcp_launcher - CRITICAL - Unhandled exception in setting_slider.py line 96
Traceback (most recent call last):
  File "/home/chris/dev/qtpyvcp/qtpyvcp/widgets/input_widgets/setting_slider.py", line 96, in textFormat
    str = text_fmt.format(setting.getValue())
AttributeError: 'NoneType' object has no attribute 'getValue'
2020-01-16 15:00:12,612 - qtpyvcp.plugins.positions - ERROR - Error getting channel
Traceback (most recent call last):
  File "/home/chris/dev/qtpyvcp/qtpyvcp/plugins/positions.py", line 110, in getChannel
    chan_obj = self.channels[chan]
KeyError: u'axis'
2020-01-16 15:00:12,613 - qtpyvcp.widgets.base_widgets.base_widget - ERROR - Error evaluating rule: position:axis?rel
Traceback (most recent call last):
  File "/home/chris/dev/qtpyvcp/qtpyvcp/widgets/base_widgets/base_widget.py", line 123, in registerRules
    triggers.append(chan_obj.notify)
AttributeError: 'NoneType' object has no attribute 'notify'
2020-01-16 15:00:12,828 - qtpyvcp.widgets.base_widgets.base_widget - ERROR - Error evaluating rule: status:spindle[0].speed
Traceback (most recent call last):
  File "/home/chris/dev/qtpyvcp/qtpyvcp/widgets/base_widgets/base_widget.py", line 123, in registerRules
    triggers.append(chan_obj.notify)
AttributeError: 'NoneType' object has no attribute 'notify'
2020-01-16 15:00:12,951 - qtpyvcp.vcp_launcher - INFO - Loading POSTGUI_HALFILE: /home/chris/dev/probe_basic/config/probe_basic_lathe/hallib/time.hal
2020-01-16 15:00:19,140 - qtpyvcp.actions.machine_actions - INFO - Homing all axes
